<?xml version="1.0" encoding="UTF-8"?>
<?xml-stylesheet href="api_tests.xsl" type="text/xsl" ?>
<unittest-results date_time = "2012-12-29 00:25:43" tests="17" failedtests="4" failures="15" time="21.514">
<test suite="Base" name="AllocateRR" time="0"/>
<test suite="Base" name="LOGGING" time="0"><failure message="base.cpp(51) : Expected &lt;none&gt; but was Log.txt"/></test>
<test suite="Base" name="VERSIONS" time="0"/>
<test suite="Base" name="MODEL_FILES" time="0"/>
<test suite="Base" name="LOAD_SBML" time="0.402"/>
<test suite="Base" name="LISTS" time="0"/>
<test suite="SteadyState" name="DATA_FILES" time="0.058"/>
<test suite="SteadyState" name="AllocateRR" time="0.001"/>
<test suite="SteadyState" name="LOAD_MODEL" time="0.347"/>
<test suite="SteadyState" name="COMPUTE_STEADY_STATE" time="0"/>
<test suite="SteadyState" name="GET_EIGENVALUE_IDS" time="1.629"/>
<test suite="SteadyState" name="STEADY_STATE_CONCENTRATIONS" time="0.016"><failure message="steady_state.cpp(159) : Expected 0.569695 +/- 1e-006 but was 0.56969"/><failure message="steady_state.cpp(159) : Expected 0.208044 +/- 1e-006 but was 0.20804"/><failure message="steady_state.cpp(159) : Expected 0.130028 +/- 1e-006 but was 0.13003"/><failure message="steady_state.cpp(159) : Expected 0.0715153 +/- 1e-006 but was 0.0715133"/><failure message="steady_state.cpp(159) : Expected 0.0715153 +/- 1e-006 but was 0.0715165"/></test>
<test suite="SteadyState" name="GET_EIGENVALUES_THROW_EXCEPTION" time="0.447"/>
<test suite="SteadyState" name="GET_EIGENVALUES_1" time="17.741"/>
<test suite="SteadyState" name="GET_EIGENVALUES_2" time="0.527"><failure message="steady_state.cpp(293) : Expected -0.157263 +/- 1e-006 but was -0.767365"/></test>
<test suite="SteadyState" name="COMPUTE_STEADY_STATE_VALUES" time="0.328"/>
<test suite="SteadyState" name="FULL_JACOBIAN" time="0.004"><failure message="steady_state.cpp(334) : Expected 0.067 +/- 1e-006 but was 0"/><failure message="steady_state.cpp(334) : Expected 0 +/- 1e-006 but was 0.067"/><failure message="steady_state.cpp(334) : Expected 0.15 +/- 1e-006 but was 0"/><failure message="steady_state.cpp(334) : Expected -0.467 +/- 1e-006 but was -0.64"/><failure message="steady_state.cpp(334) : Expected 0.09 +/- 1e-006 but was 0.4"/><failure message="steady_state.cpp(334) : Expected 0 +/- 1e-006 but was 0.15"/><failure message="steady_state.cpp(334) : Expected 0.4 +/- 1e-006 but was 0.09"/><failure message="steady_state.cpp(334) : Expected -0.64 +/- 1e-006 but was -0.467"/></test>
</unittest-results>
